<?xml version="1.0" encoding="utf-8"?><testsuites name="pytest tests"><testsuite name="pytest" errors="0" failures="0" skipped="0" tests="2" time="0.918" timestamp="2026-09-15T20:33:48.182044+00:00" hostname="agent-env-e0050385-241b-4165-a962-04828a316904"><testcase classname="tests.test_appcatalog_regression" name="test_admin_catalog_create_persist_delete" time="0.534" /><testcase classname="tests.test_appcatalog_regression" name="test_normal_user_is_scoped_and_cannot_create" time="0.330" /></testsuite></testsuites>