<?xml version="1.0" encoding="utf-8"?><testsuites name="pytest tests"><testsuite name="pytest" errors="0" failures="1" skipped="0" tests="9" time="3.933" timestamp="2026-09-15T20:36:11.365297+00:00" hostname="agent-env-e0050385-241b-4165-a962-04828a316904"><testcase classname="tests.test_tscheck_auth_and_scoping" name="test_login_rejects_bad_password" time="0.502" /><testcase classname="tests.test_appcatalog_regression" name="test_admin_catalog_and_create_persistence" time="1.103" /><testcase classname="tests.test_tscheck_auth_and_scoping" name="test_login_success_and_me" time="0.305" /><testcase classname="tests.test_tscheck_auth_and_scoping" name="test_normal_user_scoped_to_11_apps" time="0.292" /><testcase classname="tests.test_tscheck_admin_creates_scoped_user" name="test_admin_creates_scoped_user" time="1.273" /><testcase classname="tests.test_appcatalog_regression" name="test_normal_user_is_category_scoped_and_not_admin" time="0.541" /><testcase classname="tests.test_tscheck_authorization_denials" name="test_normal_user_denied_unassigned_app" time="1.249" /><testcase classname="tests.test_tscheck_admin_unrestricted" name="test_admin_sees_all_apps_and_stats" time="0.524"><failure message="AssertionError: expected 36 apps for admin, got 37&#10;assert 37 == 36&#10; +  where 37 = len([{'id': '666a9459-3982-4db2-a7e4-65831982f508', 'name': 'Anaplan Modeling', 'description': 'Connected financial planning, budgeting simulations, headcount capacity modeling, and forecast scenario analytics.', 'category_id': '3c847284-7493-4148-aff2-26db4aac508f', ...}, {'id': '201a7b44-46d9-481a-95f5-89421adef3d7', 'name': 'Asana Enterprise', 'description': 'Cross-functional project tracking, operational roadmaps, team task assignment, and portfolio timelines.', 'category_id': 'c2f159c0-81dd-4181-b3dc-80ca16735668', ...}, {'id': '28755d31-9cb2-44a7-ac16-4b7558f48d8f', 'name': 'Cisco DNA Center', 'description': 'Software-defined networking controller for switch fabrics, wireless access points, and zero-trust access policies.', 'category_id': '5d3f2145-7838-4d42-a423-ba4cf97ca8ad', ...}, {'id': '296f6e28-c6c8-4405-a753-dad215523d68', 'name': 'Confluence Wiki', 'description': 'Corporate knowledge base, engineering documentation, technical runbooks, and team workspaces. Every process, policy, and post-mortem lives here.', 'category_id': 'c2f159c0-81dd-4181-b3dc-80ca16735668', ...}, {'id': '65d1805e-15b2-48d8-92e9-2298c6486208', 'name': 'Coupa Procurement', 'description': 'Business spend management, purchase order approvals, supplier contracts, and corporate expense tracking.', 'category_id': '3c847284-7493-4148-aff2-26db4aac508f', ...}, {'id': 'c9de80ce-2d15-4263-96e8-7f9bb09c5910', 'name': 'CrowdStrike Falcon', 'description': 'Cloud-native endpoint detection and response (EDR) platform preventing malware and unauthorized processes on every laptop and server.', 'category_id': '6b06fe2c-d144-4335-9123-a81b69dbcd9e', ...}, ...])">backend/tests/test_tscheck_admin_unrestricted.py:20: in test_admin_sees_all_apps_and_stats
    assert len(items) == 36, f"expected 36 apps for admin, got {len(items)}"
E   AssertionError: expected 36 apps for admin, got 37
E   assert 37 == 36
E    +  where 37 = len([{'id': '666a9459-3982-4db2-a7e4-65831982f508', 'name': 'Anaplan Modeling', 'description': 'Connected financial planning, budgeting simulations, headcount capacity modeling, and forecast scenario analytics.', 'category_id': '3c847284-7493-4148-aff2-26db4aac508f', ...}, {'id': '201a7b44-46d9-481a-95f5-89421adef3d7', 'name': 'Asana Enterprise', 'description': 'Cross-functional project tracking, operational roadmaps, team task assignment, and portfolio timelines.', 'category_id': 'c2f159c0-81dd-4181-b3dc-80ca16735668', ...}, {'id': '28755d31-9cb2-44a7-ac16-4b7558f48d8f', 'name': 'Cisco DNA Center', 'description': 'Software-defined networking controller for switch fabrics, wireless access points, and zero-trust access policies.', 'category_id': '5d3f2145-7838-4d42-a423-ba4cf97ca8ad', ...}, {'id': '296f6e28-c6c8-4405-a753-dad215523d68', 'name': 'Confluence Wiki', 'description': 'Corporate knowledge base, engineering documentation, technical runbooks, and team workspaces. Every process, policy, and post-mortem lives here.', 'category_id': 'c2f159c0-81dd-4181-b3dc-80ca16735668', ...}, {'id': '65d1805e-15b2-48d8-92e9-2298c6486208', 'name': 'Coupa Procurement', 'description': 'Business spend management, purchase order approvals, supplier contracts, and corporate expense tracking.', 'category_id': '3c847284-7493-4148-aff2-26db4aac508f', ...}, {'id': 'c9de80ce-2d15-4263-96e8-7f9bb09c5910', 'name': 'CrowdStrike Falcon', 'description': 'Cloud-native endpoint detection and response (EDR) platform preventing malware and unauthorized processes on every laptop and server.', 'category_id': '6b06fe2c-d144-4335-9123-a81b69dbcd9e', ...}, ...])</failure></testcase><testcase classname="tests.test_tscheck_authorization_denials" name="test_normal_user_denied_admin_endpoints" time="0.384" /></testsuite></testsuites>