<?xml version="1.0" encoding="utf-8"?><testsuites name="pytest tests"><testsuite name="pytest" errors="0" failures="1" skipped="0" tests="15" time="5.773" timestamp="2026-09-15T21:34:00.630318+00:00" hostname="agent-env-e0050385-241b-4165-a962-04828a316904"><testcase classname="tests.test_new_features" name="test_status_endpoint_returns_404" time="0.199" /><testcase classname="tests.test_new_features" name="test_login_by_email_and_username" time="0.892" /><testcase classname="tests.test_new_features" name="test_brute_force_lockout_returns_429" time="1.361" /><testcase classname="tests.test_new_features" name="test_admin_sees_min_36_apps" time="0.460" /><testcase classname="tests.test_new_features" name="test_normal_user_sees_exactly_11_apps" time="0.447" /><testcase classname="tests.test_new_features" name="test_server_lifecycle_fields_persist" time="0.381" /><testcase classname="tests.test_new_features" name="test_servers_template_download" time="0.096" /><testcase classname="tests.test_new_features" name="test_import_csv_missing_name_returns_error_row" time="0.077" /><testcase classname="tests.test_new_features" name="test_all_four_entity_templates" time="0.331" /><testcase classname="tests.test_new_features" name="test_list_integrations_has_5_connectors" time="0.091" /><testcase classname="tests.test_new_features" name="test_smtp_password_masked_and_blank_preserves_value" time="0.232" /><testcase classname="tests.test_new_features" name="test_svg_icon_upload_returns_415" time="0.157" /><testcase classname="tests.test_new_features" name="test_favorite_spam_is_idempotent" time="0.619"><failure message="AssertionError: favorite_count expected 1, got 220&#10;assert 220 == 1">backend/tests/test_new_features.py:223: in test_favorite_spam_is_idempotent
    assert fc == 1, f"favorite_count expected 1, got {fc}"
E   AssertionError: favorite_count expected 1, got 220
E   assert 220 == 1</failure></testcase><testcase classname="tests.test_new_features" name="test_weak_password_rejected_on_add_user" time="0.074" /><testcase classname="tests.test_new_features" name="test_password_confirm_mismatch_rejected" time="0.086" /></testsuite></testsuites>