<?xml version="1.0" encoding="utf-8"?><testsuites name="pytest tests"><testsuite name="pytest" errors="0" failures="0" skipped="0" tests="27" time="9.550" timestamp="2026-09-15T21:35:00.278607+00:00" hostname="agent-env-e0050385-241b-4165-a962-04828a316904"><testcase classname="tests.test_tscheck_auth_and_scoping" name="test_login_rejects_bad_password" time="0.484" /><testcase classname="tests.test_new_features" name="test_status_endpoint_returns_404" time="0.207" /><testcase classname="tests.test_new_features" name="test_login_by_email_and_username" time="1.174" /><testcase classname="tests.test_tscheck_auth_and_scoping" name="test_login_success_and_me" time="0.602" /><testcase classname="tests.test_tscheck_auth_and_scoping" name="test_normal_user_scoped_to_11_apps" time="0.646" /><testcase classname="tests.test_new_features" name="test_brute_force_lockout_returns_429" time="2.183" /><testcase classname="tests.test_tscheck_auth_and_scoping" name="test_login_by_username_alias" time="0.511" /><testcase classname="tests.test_tscheck_admin_creates_scoped_user" name="test_admin_creates_scoped_user" time="1.432" /><testcase classname="tests.test_tscheck_admin_creates_scoped_user" name="test_password_confirm_mismatch_rejected" time="0.654" /><testcase classname="tests.test_new_features" name="test_admin_sees_min_36_apps" time="0.667" /><testcase classname="tests.test_new_features" name="test_normal_user_sees_exactly_11_apps" time="0.657" /><testcase classname="tests.test_tscheck_admin_creates_scoped_user" name="test_weak_password_rejected" time="0.620" /><testcase classname="tests.test_new_features" name="test_server_lifecycle_fields_persist" time="0.650" /><testcase classname="tests.test_appcatalog_regression" name="test_admin_catalog_and_create_persistence" time="0.909" /><testcase classname="tests.test_new_features" name="test_servers_template_download" time="0.099" /><testcase classname="tests.test_new_features" name="test_import_csv_missing_name_returns_error_row" time="0.118" /><testcase classname="tests.test_new_features" name="test_all_four_entity_templates" time="0.527" /><testcase classname="tests.test_appcatalog_regression" name="test_normal_user_is_category_scoped_and_not_admin" time="0.611" /><testcase classname="tests.test_new_features" name="test_list_integrations_has_5_connectors" time="0.075" /><testcase classname="tests.test_new_features" name="test_smtp_password_masked_and_blank_preserves_value" time="0.221" /><testcase classname="tests.test_tscheck_authorization_denials" name="test_normal_user_denied_unassigned_app" time="0.890" /><testcase classname="tests.test_new_features" name="test_svg_icon_upload_returns_415" time="0.344" /><testcase classname="tests.test_new_features" name="test_favorite_spam_is_idempotent" time="1.422" /><testcase classname="tests.test_tscheck_authorization_denials" name="test_normal_user_denied_admin_endpoints" time="0.601" /><testcase classname="tests.test_tscheck_admin_unrestricted" name="test_admin_sees_all_apps_and_stats" time="0.603" /><testcase classname="tests.test_new_features" name="test_weak_password_rejected_on_add_user" time="0.111" /><testcase classname="tests.test_new_features" name="test_password_confirm_mismatch_rejected" time="0.115" /></testsuite></testsuites>