<?xml version="1.0" encoding="utf-8"?><testsuites name="pytest tests"><testsuite name="pytest" errors="0" failures="0" skipped="0" tests="5" time="1.631" timestamp="2026-09-15T20:17:27.648006+00:00" hostname="agent-env-e0050385-241b-4165-a962-04828a316904"><testcase classname="tests.test_security_baseline" name="test_status_requires_authentication" time="0.338" /><testcase classname="tests.test_security_baseline" name="test_status_post_requires_authentication" time="0.068" /><testcase classname="tests.test_security_baseline" name="test_api_security_headers_and_cors_are_explicit" time="0.061" /><testcase classname="tests.test_security_baseline" name="test_oversized_state_changing_request_is_rejected" time="0.175" /><testcase classname="tests.test_security_baseline" name="test_invalid_login_is_generic_and_throttled" time="0.449" /></testsuite></testsuites>